mode: set
simonwaldherr.de/go/ranger/ranger.go:10.21,11.11 1 1
simonwaldherr.de/go/ranger/ranger.go:14.2,14.12 1 1
simonwaldherr.de/go/ranger/ranger.go:17.2,17.10 1 1
simonwaldherr.de/go/ranger/ranger.go:11.11,13.3 1 1
simonwaldherr.de/go/ranger/ranger.go:14.12,16.3 1 1
simonwaldherr.de/go/ranger/ranger.go:20.52,25.2 4 1
simonwaldherr.de/go/ranger/ranger.go:27.35,32.16 3 1
simonwaldherr.de/go/ranger/ranger.go:36.2,36.15 1 1
simonwaldherr.de/go/ranger/ranger.go:40.2,40.14 1 1
simonwaldherr.de/go/ranger/ranger.go:44.2,44.31 1 1
simonwaldherr.de/go/ranger/ranger.go:32.16,34.3 1 1
simonwaldherr.de/go/ranger/ranger.go:36.15,38.3 1 1
simonwaldherr.de/go/ranger/ranger.go:40.14,42.3 1 1
simonwaldherr.de/go/ranger/ranger.go:47.43,51.44 3 1
simonwaldherr.de/go/ranger/ranger.go:57.2,57.17 1 1
simonwaldherr.de/go/ranger/ranger.go:51.44,52.60 1 1
simonwaldherr.de/go/ranger/ranger.go:55.3,55.18 1 1
simonwaldherr.de/go/ranger/ranger.go:52.60,54.4 1 1
simonwaldherr.de/go/ranger/ranger.go:60.38,65.32 4 1
simonwaldherr.de/go/ranger/ranger.go:71.2,73.32 3 1
simonwaldherr.de/go/ranger/ranger.go:79.2,80.14 2 1
simonwaldherr.de/go/ranger/ranger.go:65.32,69.3 3 1
simonwaldherr.de/go/ranger/ranger.go:73.32,77.3 3 1
simonwaldherr.de/go/ranger/ranger.go:83.50,88.24 4 1
simonwaldherr.de/go/ranger/ranger.go:92.2,94.50 2 1
simonwaldherr.de/go/ranger/ranger.go:98.2,98.38 1 1
simonwaldherr.de/go/ranger/ranger.go:110.2,110.16 1 1
simonwaldherr.de/go/ranger/ranger.go:116.2,116.16 1 1
simonwaldherr.de/go/ranger/ranger.go:88.24,90.3 1 1
simonwaldherr.de/go/ranger/ranger.go:94.50,96.3 1 1
simonwaldherr.de/go/ranger/ranger.go:98.38,101.50 2 1
simonwaldherr.de/go/ranger/ranger.go:101.50,103.4 1 1
simonwaldherr.de/go/ranger/ranger.go:103.4,103.51 1 1
simonwaldherr.de/go/ranger/ranger.go:103.51,105.4 1 1
simonwaldherr.de/go/ranger/ranger.go:105.4,107.4 1 1
simonwaldherr.de/go/ranger/ranger.go:110.16,112.3 1 1
simonwaldherr.de/go/ranger/ranger.go:112.3,112.22 1 1
simonwaldherr.de/go/ranger/ranger.go:112.22,114.3 1 1
